#
# A fatal error has been detected by the Java Runtime Environment:
#
#  EXCEPTION_ACCESS_VIOLATION (0xc0000005) at pc=0x000000006e1147db, pid=11112, tid=10084
#
# JRE version: Java(TM) SE Runtime Environment (7.0_75-b13) (build 1.7.0_75-b13)
# Java VM: Java HotSpot(TM) 64-Bit Server VM (24.75-b04 mixed mode windows-amd64 compressed oops)
# Problematic frame:
# V  [jvm.dll+0x1447db]
#
# Failed to write core dump. Minidumps are not enabled by default on client versions of Windows
#
# If you would like to submit a bug report, please visit:
#   http://bugreport.sun.com/bugreport/crash.jsp
#

---------------  T H R E A D  ---------------

Current thread (0x00000000096b1000):  JavaThread "JDWP Transport Listener: dt_socket" daemon [_thread_in_vm, id=10084, stack(0x000000000b860000,0x000000000b960000)]

siginfo: ExceptionCode=0xc0000005, reading address 0xffffffffffffffff

Registers:
RAX=0x000000000b95f401, RBX=0x00000000096b1000, RCX=0x0000bf0519c32c05, RDX=0x0000000000000000
RSP=0x000000000b95f400, RBP=0x0000bf0519c32c05, RSI=0x000000000b95f518, RDI=0x00000000021b8f70
R8 =0x00000000096b1000, R9 =0x00001df5001f0017, R10=0x0000000000000000, R11=0x000000000cb81d50
R12=0x0000000000000000, R13=0x00000000096a5088, R14=0x0000000000000000, R15=0x0000000000000000
RIP=0x000000006e1147db, EFLAGS=0x0000000000010206

Top of Stack: (sp=0x000000000b95f400)
0x000000000b95f400:   00000000096b1000 000000000000001e
0x000000000b95f410:   000000000b95f4c8 000000006e2b5f09
0x000000000b95f420:   00000000096b1000 000000006e2d3ab2
0x000000000b95f430:   0000000000000000 0000000060d58e8d
0x000000000b95f440:   00000000096582d8 0000000060d62666
0x000000000b95f450:   00000000096b1000 0000000000000000
0x000000000b95f460:   0000000000000000 0000000000000000
0x000000000b95f470:   0000bf0519c32c05 0000000060d6175d
0x000000000b95f480:   000000000b95f518 000000000b95f4f0
0x000000000b95f490:   0000000000000001 00000000096582d8
0x000000000b95f4a0:   0000bf0519c32c05 0000000060d453b3
0x000000000b95f4b0:   000000000b95f5e0 0000000000000001
0x000000000b95f4c0:   0000000000000001 00000000096582d8
0x000000000b95f4d0:   00000000f0001008 0000000000000000
0x000000000b95f4e0:   0000000000000000 0000000000000000
0x000000000b95f4f0:   0000000000000001 0000000060d45571 

Instructions: (pc=0x000000006e1147db)
0x000000006e1147bb:   48 8b 5c 24 30 48 89 47 18 48 83 c4 20 5f c3 cc
0x000000006e1147cb:   cc cc cc cc cc 40 53 48 83 ec 20 48 85 c9 74 54
0x000000006e1147db:   48 8b 19 48 85 db 74 4c 48 b8 fe fe fe fe fe fe
0x000000006e1147eb:   fe fe 48 3b d8 74 3d 80 3d ff 17 61 00 00 74 15 


Register to memory mapping:

RAX=0x000000000b95f401 is pointing into the stack for thread: 0x00000000096b1000
RBX=0x00000000096b1000 is a thread
RCX=0x0000bf0519c32c05 is an unknown value
RDX=0x0000000000000000 is an unknown value
RSP=0x000000000b95f400 is pointing into the stack for thread: 0x00000000096b1000
RBP=0x0000bf0519c32c05 is an unknown value
RSI=0x000000000b95f518 is pointing into the stack for thread: 0x00000000096b1000
RDI=0x00000000021b8f70 is an unknown value
R8 =0x00000000096b1000 is a thread
R9 =0x00001df5001f0017 is an unknown value
R10=0x0000000000000000 is an unknown value
R11=0x000000000cb81d50 is an unknown value
R12=0x0000000000000000 is an unknown value
R13=0x00000000096a5088 is an unknown value
R14=0x0000000000000000 is an unknown value
R15=0x0000000000000000 is an unknown value


Stack: [0x000000000b860000,0x000000000b960000],  sp=0x000000000b95f400,  free space=1021k
Native frames: (J=compiled Java code, j=interpreted, Vv=VM code, C=native code)
V  [jvm.dll+0x1447db]


---------------  P R O C E S S  ---------------

Java Threads: ( => current thread )
  0x000000000bc20800 JavaThread "Abandoned connection cleanup thread" daemon [_thread_blocked, id=6552, stack(0x000000000ceb0000,0x000000000cfb0000)]
  0x000000000bad5800 JavaThread "Service Thread" daemon [_thread_blocked, id=10448, stack(0x000000000c5a0000,0x000000000c6a0000)]
  0x000000000bad1000 JavaThread "C2 CompilerThread1" daemon [_thread_blocked, id=9520, stack(0x000000000c3b0000,0x000000000c4b0000)]
  0x000000000bacf800 JavaThread "C2 CompilerThread0" daemon [_thread_blocked, id=6092, stack(0x000000000c1c0000,0x000000000c2c0000)]
  0x000000000bac2800 JavaThread "JDWP Command Reader" daemon [_thread_in_native, id=7104, stack(0x000000000bfc0000,0x000000000c0c0000)]
  0x00000000096bc800 JavaThread "JDWP Event Helper Thread" daemon [_thread_blocked, id=11164, stack(0x000000000b9c0000,0x000000000bac0000)]
=>0x00000000096b1000 JavaThread "JDWP Transport Listener: dt_socket" daemon [_thread_in_vm, id=10084, stack(0x000000000b860000,0x000000000b960000)]
  0x00000000096a8800 JavaThread "Attach Listener" daemon [_thread_blocked, id=5280, stack(0x000000000a5d0000,0x000000000a6d0000)]
  0x00000000096a3800 JavaThread "Signal Dispatcher" daemon [_thread_blocked, id=10584, stack(0x000000000abe0000,0x000000000ace0000)]
  0x0000000009646000 JavaThread "Finalizer" daemon [_thread_blocked, id=8888, stack(0x000000000aa70000,0x000000000ab70000)]
  0x000000000963f000 JavaThread "Reference Handler" daemon [_thread_blocked, id=5992, stack(0x000000000a8a0000,0x000000000a9a0000)]
  0x00000000020a8000 JavaThread "main" [_thread_blocked, id=10660, stack(0x0000000002360000,0x0000000002460000)]

Other Threads:
  0x000000000963b800 VMThread [stack: 0x000000000a740000,0x000000000a840000] [id=10276]
  0x000000000bae7800 WatcherThread [stack: 0x000000000b5f0000,0x000000000b6f0000] [id=11240]

VM state:not at safepoint (normal execution)

VM Mutex/Monitor currently owned by a thread: None

Heap
 PSYoungGen      total 28672K, used 13841K [0x00000000e0c00000, 0x00000000e4400000, 0x0000000100000000)
  eden space 25088K, 40% used [0x00000000e0c00000,0x00000000e1604f38,0x00000000e2480000)
  from space 3584K, 99% used [0x00000000e2800000,0x00000000e2b7f5d8,0x00000000e2b80000)
  to   space 3584K, 0% used [0x00000000e2480000,0x00000000e2480000,0x00000000e2800000)
 ParOldGen       total 64000K, used 13691K [0x00000000a2400000, 0x00000000a6280000, 0x00000000e0c00000)
  object space 64000K, 21% used [0x00000000a2400000,0x00000000a315ee58,0x00000000a6280000)
 PSPermGen       total 21504K, used 15617K [0x000000009d200000, 0x000000009e700000, 0x00000000a2400000)
  object space 21504K, 72% used [0x000000009d200000,0x000000009e140538,0x000000009e700000)

Card table byte_map: [0x0000000005460000,0x0000000005780000] byte_map_base: 0x0000000004f77000

Polling page: 0x0000000000220000

Code Cache  [0x0000000002460000, 0x00000000026d0000, 0x0000000005460000)
 total_blobs=610 nmethods=282 adapters=288 free_code_cache=48033Kb largest_free_block=49152448

Compilation events (10 events):
Event: 7.907 Thread 0x000000000bacf800  277             java.lang.String::lastIndexOf (151 bytes)
Event: 7.916 Thread 0x000000000bad1000  278             java.net.URL::getHost (5 bytes)
Event: 7.917 Thread 0x000000000bad1000 nmethod 278 0x0000000002579410 code [0x0000000002579540, 0x0000000002579598]
Event: 7.917 Thread 0x000000000bacf800 nmethod 277 0x0000000002578950 code [0x0000000002578aa0, 0x0000000002579078]
Event: 464.295 Thread 0x000000000bad1000  279             java.lang.ref.ReferenceQueue::reallyPoll (69 bytes)
Event: 464.295 Thread 0x000000000bad1000 nmethod 279 0x000000000257e490 code [0x000000000257e5c0, 0x000000000257e638]
Event: 918.529 Thread 0x000000000bacf800  280   !         java.lang.ref.ReferenceQueue::remove (80 bytes)
Event: 918.537 Thread 0x000000000bacf800 nmethod 280 0x000000000257be50 code [0x000000000257bfc0, 0x000000000257c4d8]
Event: 43958.825 Thread 0x000000000bad1000  282 % !         com.mysql.jdbc.AbandonedConnectionCleanupThread::run @ 4 (62 bytes)
Event: 43958.827 Thread 0x000000000bad1000 nmethod 282% 0x000000000257c850 code [0x000000000257c9a0, 0x000000000257cac8]

GC Heap History (4 events):
Event: 0.878 GC heap before
{Heap before GC invocations=1 (full 0):
 PSYoungGen      total 28672K, used 25088K [0x00000000e0c00000, 0x00000000e2b80000, 0x0000000100000000)
  eden space 25088K, 100% used [0x00000000e0c00000,0x00000000e2480000,0x00000000e2480000)
  from space 3584K, 0% used [0x00000000e2800000,0x00000000e2800000,0x00000000e2b80000)
  to   space 3584K, 0% used [0x00000000e2480000,0x00000000e2480000,0x00000000e2800000)
 ParOldGen       total 64000K, used 0K [0x00000000a2400000, 0x00000000a6280000, 0x00000000e0c00000)
  object space 64000K, 0% used [0x00000000a2400000,0x00000000a2400000,0x00000000a6280000)
 PSPermGen       total 21504K, used 9822K [0x000000009d200000, 0x000000009e700000, 0x00000000a2400000)
  object space 21504K, 45% used [0x000000009d200000,0x000000009db97b40,0x000000009e700000)
Event: 0.885 GC heap after
Heap after GC invocations=1 (full 0):
 PSYoungGen      total 28672K, used 3565K [0x00000000e0c00000, 0x00000000e2b80000, 0x0000000100000000)
  eden space 25088K, 0% used [0x00000000e0c00000,0x00000000e0c00000,0x00000000e2480000)
  from space 3584K, 99% used [0x00000000e2480000,0x00000000e27fb6f0,0x00000000e2800000)
  to   space 3584K, 0% used [0x00000000e2800000,0x00000000e2800000,0x00000000e2b80000)
 ParOldGen       total 64000K, used 2573K [0x00000000a2400000, 0x00000000a6280000, 0x00000000e0c00000)
  object space 64000K, 4% used [0x00000000a2400000,0x00000000a2683670,0x00000000a6280000)
 PSPermGen       total 21504K, used 9822K [0x000000009d200000, 0x000000009e700000, 0x00000000a2400000)
  object space 21504K, 45% used [0x000000009d200000,0x000000009db97b40,0x000000009e700000)
}
Event: 1.661 GC heap before
{Heap before GC invocations=2 (full 0):
 PSYoungGen      total 28672K, used 28653K [0x00000000e0c00000, 0x00000000e2b80000, 0x0000000100000000)
  eden space 25088K, 100% used [0x00000000e0c00000,0x00000000e2480000,0x00000000e2480000)
  from space 3584K, 99% used [0x00000000e2480000,0x00000000e27fb6f0,0x00000000e2800000)
  to   space 3584K, 0% used [0x00000000e2800000,0x00000000e2800000,0x00000000e2b80000)
 ParOldGen       total 64000K, used 2573K [0x00000000a2400000, 0x00000000a6280000, 0x00000000e0c00000)
  object space 64000K, 4% used [0x00000000a2400000,0x00000000a2683670,0x00000000a6280000)
 PSPermGen       total 21504K, used 12950K [0x000000009d200000, 0x000000009e700000, 0x00000000a2400000)
  object space 21504K, 60% used [0x000000009d200000,0x000000009dea5a78,0x000000009e700000)
Event: 1.678 GC heap after
Heap after GC invocations=2 (full 0):
 PSYoungGen      total 28672K, used 3581K [0x00000000e0c00000, 0x00000000e4400000, 0x0000000100000000)
  eden space 25088K, 0% used [0x00000000e0c00000,0x00000000e0c00000,0x00000000e2480000)
  from space 3584K, 99% used [0x00000000e2800000,0x00000000e2b7f5d8,0x00000000e2b80000)
  to   space 3584K, 0% used [0x00000000e2480000,0x00000000e2480000,0x00000000e2800000)
 ParOldGen       total 64000K, used 13691K [0x00000000a2400000, 0x00000000a6280000, 0x00000000e0c00000)
  object space 64000K, 21% used [0x00000000a2400000,0x00000000a315ee58,0x00000000a6280000)
 PSPermGen       total 21504K, used 12950K [0x000000009d200000, 0x000000009e700000, 0x00000000a2400000)
  object space 21504K, 60% used [0x000000009d200000,0x000000009dea5a78,0x000000009e700000)
}

Deoptimization events (10 events):
Event: 1.593 Thread 0x00000000020a8000 Uncommon trap: reason=unreached action=reinterpret pc=0x000000000254b20c method=org.apache.poi.hssf.record.aggregates.ValueRecordsAggregate$ValueIterator.getNextPos()V @ 53
Event: 1.742 Thread 0x00000000020a8000 Uncommon trap: reason=class_check action=maybe_recompile pc=0x00000000024ed21c method=java.util.Properties$LineReader.readLine()I @ 62
Event: 1.743 Thread 0x00000000020a8000 Uncommon trap: reason=class_check action=maybe_recompile pc=0x00000000024ed21c method=java.util.Properties$LineReader.readLine()I @ 62
Event: 1.746 Thread 0x00000000020a8000 Uncommon trap: reason=class_check action=maybe_recompile pc=0x00000000024ed21c method=java.util.Properties$LineReader.readLine()I @ 62
Event: 1.748 Thread 0x00000000020a8000 Uncommon trap: reason=class_check action=maybe_recompile pc=0x00000000024ed21c method=java.util.Properties$LineReader.readLine()I @ 62
Event: 1.833 Thread 0x00000000020a8000 Uncommon trap: reason=unreached action=reinterpret pc=0x000000000254ab30 method=java.util.TreeMap.getEntry(Ljava/lang/Object;)Ljava/util/TreeMap$Entry; @ 4
Event: 1.833 Thread 0x00000000020a8000 Uncommon trap: reason=unreached action=reinterpret pc=0x0000000002550b6c method=java.util.TreeMap.put(Ljava/lang/Object;Ljava/lang/Object;)Ljava/lang/Object; @ 55
Event: 1.900 Thread 0x00000000020a8000 Uncommon trap: reason=bimorphic action=maybe_recompile pc=0x00000000024e8d28 method=java.util.HashMap.put(Ljava/lang/Object;Ljava/lang/Object;)Ljava/lang/Object; @ 137
Event: 1.900 Thread 0x00000000020a8000 Uncommon trap: reason=bimorphic action=maybe_recompile pc=0x00000000024e6e6c method=java.util.HashMap.addEntry(ILjava/lang/Object;Ljava/lang/Object;I)V @ 65
Event: 1.942 Thread 0x00000000020a8000 Uncommon trap: reason=unreached action=reinterpret pc=0x000000000251b244 method=java.lang.ThreadLocal$ThreadLocalMap.getEntry(Ljava/lang/ThreadLocal;)Ljava/lang/ThreadLocal$ThreadLocalMap$Entry; @ 21

Internal exceptions (10 events):
Event: 1.988 Thread 0x00000000020a8000 Threw 0x00000000e14ff070 at C:\re\jdk7u75\1940\hotspot\src\share\vm\prims\jvm.cpp:1281
Event: 1.994 Thread 0x00000000020a8000 Threw 0x00000000e1524448 at C:\re\jdk7u75\1940\hotspot\src\share\vm\prims\jvm.cpp:1281
Event: 1.996 Thread 0x00000000020a8000 Threw 0x00000000e15398e0 at C:\re\jdk7u75\1940\hotspot\src\share\vm\prims\jvm.cpp:1281
Event: 1.996 Thread 0x00000000020a8000 Threw 0x00000000e153e9d0 at C:\re\jdk7u75\1940\hotspot\src\share\vm\prims\jvm.cpp:1281
Event: 1.997 Thread 0x00000000020a8000 Threw 0x00000000e1544d80 at C:\re\jdk7u75\1940\hotspot\src\share\vm\prims\jvm.cpp:1281
Event: 7.905 Thread 0x00000000020a8000 Threw 0x00000000e15474b8 at C:\re\jdk7u75\1940\hotspot\src\share\vm\prims\jvm.cpp:1281
Event: 7.913 Thread 0x00000000020a8000 Threw 0x00000000e1555050 at C:\re\jdk7u75\1940\hotspot\src\share\vm\prims\jvm.cpp:1281
Event: 7.923 Thread 0x00000000020a8000 Threw 0x00000000e1559db8 at C:\re\jdk7u75\1940\hotspot\src\share\vm\prims\jvm.cpp:1281
Event: 7.924 Thread 0x00000000020a8000 Threw 0x00000000e155ea78 at C:\re\jdk7u75\1940\hotspot\src\share\vm\prims\jvm.cpp:1281
Event: 7.926 Thread 0x00000000020a8000 Threw 0x00000000e156aa78 at C:\re\jdk7u75\1940\hotspot\src\share\vm\prims\jvm.cpp:1281

Events (10 events):
Event: 44534.155 Executing VM operation: GetCurrentLocation
Event: 44534.155 Executing VM operation: GetCurrentLocation done
Event: 44534.155 Executing VM operation: EnterInterpOnlyMode
Event: 44534.155 Executing VM operation: EnterInterpOnlyMode done
Event: 44534.155 Executing VM operation: ChangeSingleStep
Event: 44534.155 Executing VM operation: ChangeSingleStep done
Event: 44534.198 Executing VM operation: ChangeSingleStep
Event: 44534.198 Executing VM operation: ChangeSingleStep done
Event: 44534.210 Executing VM operation: RedefineClasses
Event: 44534.214 Executing VM operation: RedefineClasses done


Dynamic libraries:
0x000000013fc70000 - 0x000000013fca3000 	C:\Program Files\Java\jre7\bin\javaw.exe
0x0000000077760000 - 0x0000000077909000 	C:\Windows\SYSTEM32\ntdll.dll
0x0000000077540000 - 0x000000007765f000 	C:\Windows\system32\kernel32.dll
0x000007fefd650000 - 0x000007fefd6bc000 	C:\Windows\system32\KERNELBASE.dll
0x000007feff310000 - 0x000007feff3eb000 	C:\Windows\system32\ADVAPI32.dll
0x000007feff270000 - 0x000007feff30f000 	C:\Windows\system32\msvcrt.dll
0x000007fefefe0000 - 0x000007fefefff000 	C:\Windows\SYSTEM32\sechost.dll
0x000007feff110000 - 0x000007feff23d000 	C:\Windows\system32\RPCRT4.dll
0x0000000077660000 - 0x000000007775a000 	C:\Windows\system32\USER32.dll
0x000007fefda00000 - 0x000007fefda67000 	C:\Windows\system32\GDI32.dll
0x000007feff980000 - 0x000007feff98e000 	C:\Windows\system32\LPK.dll
0x000007fefef10000 - 0x000007fefefd9000 	C:\Windows\system32\USP10.dll
0x000007fefc510000 - 0x000007fefc704000 	C:\Windows\WinSxS\amd64_microsoft.windows.common-controls_6595b64144ccf1df_6.0.7601.17514_none_fa396087175ac9ac\COMCTL32.dll
0x000007fefdc70000 - 0x000007fefdce1000 	C:\Windows\system32\SHLWAPI.dll
0x000007feff240000 - 0x000007feff26e000 	C:\Windows\system32\IMM32.DLL
0x000007feff000000 - 0x000007feff109000 	C:\Windows\system32\MSCTF.dll
0x000007fefd450000 - 0x000007fefd481000 	C:\Windows\system32\nvinitx.dll
0x000000000f000000 - 0x000000000f006000 	C:\Program Files\NVIDIA Corporation\CoProcManager\detoured.dll
0x000007fef9a20000 - 0x000007fef9a52000 	C:\Program Files\NVIDIA Corporation\CoProcManager\nvd3d9wrapx.dll
0x000007fefda70000 - 0x000007fefdc47000 	C:\Windows\system32\SETUPAPI.dll
0x000007fefd610000 - 0x000007fefd646000 	C:\Windows\system32\CFGMGR32.dll
0x000007feff990000 - 0x000007feffa67000 	C:\Windows\system32\OLEAUT32.dll
0x000007feff400000 - 0x000007feff603000 	C:\Windows\system32\ole32.dll
0x000007fefd550000 - 0x000007fefd56a000 	C:\Windows\system32\DEVOBJ.dll
0x000007fef9540000 - 0x000007fef9562000 	C:\Program Files\NVIDIA Corporation\CoProcManager\nvdxgiwrapx.dll
0x00000000545a0000 - 0x0000000054672000 	C:\Program Files\Java\jre7\bin\msvcr100.dll
0x000000006dfd0000 - 0x000000006e7a4000 	C:\Program Files\Java\jre7\bin\server\jvm.dll
0x000007fef8b70000 - 0x000007fef8b79000 	C:\Windows\system32\WSOCK32.dll
0x000007fefed30000 - 0x000007fefed7d000 	C:\Windows\system32\WS2_32.dll
0x000007feff3f0000 - 0x000007feff3f8000 	C:\Windows\system32\NSI.dll
0x000007fefb820000 - 0x000007fefb85b000 	C:\Windows\system32\WINMM.dll
0x0000000077920000 - 0x0000000077927000 	C:\Windows\system32\PSAPI.DLL
0x00000000674f0000 - 0x00000000674ff000 	C:\Program Files\Java\jre7\bin\verify.dll
0x0000000061610000 - 0x0000000061638000 	C:\Program Files\Java\jre7\bin\java.dll
0x0000000060d40000 - 0x0000000060d75000 	C:\Program Files\Java\jre7\bin\jdwp.dll
0x00000000653c0000 - 0x00000000653c8000 	C:\Program Files\Java\jre7\bin\npt.dll
0x0000000063770000 - 0x0000000063785000 	C:\Program Files\Java\jre7\bin\zip.dll
0x0000000068230000 - 0x0000000068239000 	C:\Program Files\Java\jre7\bin\dt_socket.dll
0x000007fefa6b0000 - 0x000007fefa6c5000 	C:\Windows\system32\NLAapi.dll
0x000007fee38e0000 - 0x000007fee38f5000 	C:\Windows\system32\napinsp.dll
0x000007fee38c0000 - 0x000007fee38d9000 	C:\Windows\system32\pnrpnsp.dll
0x000007fefcc80000 - 0x000007fefccd5000 	C:\Windows\System32\mswsock.dll
0x000007fefcab0000 - 0x000007fefcb0b000 	C:\Windows\system32\DNSAPI.dll
0x000007fee38b0000 - 0x000007fee38bb000 	C:\Windows\System32\winrnr.dll
0x000007feed3c0000 - 0x000007feed3d0000 	C:\Windows\system32\wshbth.dll
0x000007fef5ee0000 - 0x000007fef5f0e000 	C:\Program Files\Common Files\Microsoft Shared\Windows Live\WLIDNSP.DLL
0x000007fefa8a0000 - 0x000007fefa8c7000 	C:\Windows\system32\IPHLPAPI.DLL
0x000007fefa890000 - 0x000007fefa89b000 	C:\Windows\system32\WINNSI.DLL
0x000007fef9ec0000 - 0x000007fef9f13000 	C:\Windows\System32\fwpuclnt.dll
0x000007fef8b50000 - 0x000007fef8b58000 	C:\Windows\system32\rasadhlp.dll
0x000007fefc2f0000 - 0x000007fefc2f7000 	C:\Windows\System32\wshtcpip.dll
0x0000000063750000 - 0x0000000063769000 	C:\Program Files\Java\jre7\bin\net.dll
0x000007fefcc70000 - 0x000007fefcc77000 	C:\Windows\System32\wship6.dll
0x00000000636d0000 - 0x00000000636e1000 	C:\Program Files\Java\jre7\bin\nio.dll
0x000007fef2490000 - 0x000007fef25b5000 	C:\Windows\system32\dbghelp.dll

VM Arguments:
jvm_args: -agentlib:jdwp=transport=dt_socket,suspend=y,address=localhost:65523 -Dfile.encoding=Cp1252 
java_command: za.co.soft.ReadOldData
Launcher Type: SUN_STANDARD

Environment Variables:
CLASSPATH=c:\source\java
PATH=C:/Program Files/Java/jre1.8.0_31/bin/server;C:/Program Files/Java/jre1.8.0_31/bin;C:/Program Files/Java/jre1.8.0_31/lib/amd64;C:\Program Files (x86)\Mozilla Firefox;C:\Program Files (x86)\NVIDIA Corporation\PhysX\Common;C:\ProgramData\Oracle\Java\javapath;C:\PROGRAM FILES\DELL\DW WLAN CARD;C:\PROGRAM FILES (X86)\POLOLU\MAESTRO\BIN;C:\PROGRAM FILES\COMMON FILES\MICROSOFT SHARED\WINDOWS LIVE;C:\PROGRAM FILES (X86)\COMMON FILES\MICROSOFT SHARED\WINDOWS LIVE;C:\PROGRAM FILES (X86)\INTEL\ICLS CLIENT\;C:\PROGRAM FILES\INTEL\ICLS CLIENT\;C:\Windows\SYSTEM32;C:\Windows;C:\Windows\SYSTEM32\WBEM;C:\Windows\SYSTEM32\WINDOWSPOWERSHELL\V1.0\;C:\PROGRAM FILES (X86)\WINDOWS LIVE\SHARED;C:\PROGRAM FILES\JAVA\JRE6\BIN\;C:\PROGRAM FILES\MATLAB\R2013B\BIN;C:\PROGRAM FILES (X86)\BITVISE SSH CLIENT;C:\DOWNLOAD\ANDROID\ADT-BUNDLE-WINDOWS-X86_64-20131030\SDK\PLATFORM-TOOLS;C:\PROGRAM FILES (X86)\GIT\CMD;C:\PROGRAM FILES\TORTOISEGIT\BIN;C:\Program Files\WIDCOMM\Bluetooth Software\;C:\Program Files\WIDCOMM\Bluetooth Software\syswow64;C:\Program Files (x86)\IVI Foundation\VISA\WinNT\Bin;C:\Program Files (x86)\Pololu\Maestro\bin;C:\Program Files\Java\jdk1.8.0_25\bin;C:\Program Files\eclipse;
USERNAME=mark
OS=Windows_NT
PROCESSOR_IDENTIFIER=Intel64 Family 6 Model 58 Stepping 9, GenuineIntel



---------------  S Y S T E M  ---------------

OS: Windows 7 , 64 bit Build 7601 Service Pack 1

CPU:total 4 (2 cores per cpu, 2 threads per core) family 6 model 58 stepping 9, cmov, cx8, fxsr, mmx, sse, sse2, sse3, ssse3, sse4.1, sse4.2, popcnt, avx, erms, ht, tsc, tscinvbit, tscinv

Memory: 4k page, physical 6142596k(1596608k free), swap 12283332k(4993444k free)

vm_info: Java HotSpot(TM) 64-Bit Server VM (24.75-b04) for windows-amd64 JRE (1.7.0_75-b13), built on Dec 18 2014 17:15:01 by "java_re" with unknown MS VC++:1600

time: Sun Feb 15 16:00:54 2015
elapsed time: 44534 seconds

